<?xml version="1.0" encoding="UTF-8"?>
<!-- Generated by org.testng.reporters.JUnitReportReporter -->
<testsuite hostname="TIRNA_SIL" failures="0" tests="5" name="Demo.OrangeHr" time="70.448" errors="0" timestamp="2024-07-02T11:53:34 IST" skipped="0">
  <testcase classname="Demo.OrangeHr" name="dologinwithInvalidCrdential" time="9.414"/>
  <system-out/>
  <testcase classname="Demo.OrangeHr" name="LoginTestWithValidCredential" time="5.284"/>
  <system-out/>
  <testcase classname="Demo.OrangeHr" name="addEmployee" time="17.804"/>
  <system-out/>
  <testcase classname="Demo.OrangeHr" name="searchemployeebyname" time="14.613"/>
  <system-out/>
  <testcase classname="Demo.OrangeHr" name="ListEmployees" time="23.333"/>
  <system-out/>
</testsuite> <!-- Demo.OrangeHr -->
