<?xml version="1.0" encoding="UTF-8"?>
<!-- Generated by org.testng.reporters.JUnitReportReporter -->
<testsuite hostname="TIRNA_SIL" failures="0" tests="5" name="Demo.OrangeHr" time="63.775" errors="0" timestamp="2024-06-26T21:15:17 IST" skipped="0">
  <testcase classname="Demo.OrangeHr" name="dologinwithInvalidCrdential" time="4.293"/>
  <system-out/>
  <testcase classname="Demo.OrangeHr" name="LoginTestWithValidCredential" time="7.584"/>
  <system-out/>
  <testcase classname="Demo.OrangeHr" name="addEmployee" time="14.625"/>
  <system-out/>
  <testcase classname="Demo.OrangeHr" name="searchemployeebyname" time="13.675"/>
  <system-out/>
  <testcase classname="Demo.OrangeHr" name="ListEmployees" time="23.598"/>
  <system-out/>
</testsuite> <!-- Demo.OrangeHr -->
